{
  "stats": {
    "suites": 1,
    "tests": 5,
    "passes": 5,
    "pending": 0,
    "failures": 0,
    "start": "2022-04-01T20:49:21.722Z",
    "end": "2022-04-01T20:49:30.454Z",
    "duration": 8732,
    "testsRegistered": 5,
    "passPercent": 100,
    "pendingPercent": 0,
    "other": 0,
    "hasOther": false,
    "skipped": 0,
    "hasSkipped": false
  },
  "results": [
    {
      "uuid": "15059cc1-ade6-4268-90fc-f4be85902143",
      "title": "",
      "fullFile": "cypress/tests/signin.spec.js",
      "file": "cypress/tests/signin.spec.js",
      "beforeHooks": [],
      "afterHooks": [],
      "tests": [],
      "suites": [
        {
          "uuid": "5902f3ed-a444-456a-bae5-528caf6802b2",
          "title": "Login",
          "fullFile": "",
          "file": "",
          "beforeHooks": [],
          "afterHooks": [],
          "tests": [
            {
              "title": "Successful login",
              "fullTitle": "Login Successful login",
              "timedOut": null,
              "duration": 4030,
              "state": "passed",
              "speed": "slow",
              "pass": true,
              "fail": false,
              "pending": false,
              "context": null,
              "code": "_signin.default.enterCredentials('chaptervagilizei@mail.com', '123456');\n_signin.default.pressSignInButton();\n_signin.default.isLoginSuccessful('chaptervagilizei');",
              "err": {},
              "uuid": "d6c19b6c-f1c8-428f-a135-117729ddcde5",
              "parentUUID": "5902f3ed-a444-456a-bae5-528caf6802b2",
              "isHook": false,
              "skipped": false
            },
            {
              "title": "Login without email and without password",
              "fullTitle": "Login Login without email and without password",
              "timedOut": null,
              "duration": 525,
              "state": "passed",
              "speed": "slow",
              "pass": true,
              "fail": false,
              "pending": false,
              "context": null,
              "code": "_signin.default.interceptBlankCredentials();\n_signin.default.pressSignInButton();\n_signin.default.areCredentialsBlank();",
              "err": {},
              "uuid": "ae041658-dba2-4f60-8db4-bd4e7142e844",
              "parentUUID": "5902f3ed-a444-456a-bae5-528caf6802b2",
              "isHook": false,
              "skipped": false
            },
            {
              "title": "Login without password",
              "fullTitle": "Login Login without password",
              "timedOut": null,
              "duration": 1012,
              "state": "passed",
              "speed": "slow",
              "pass": true,
              "fail": false,
              "pending": false,
              "context": null,
              "code": "_signin.default.interceptBlankPassword();\n_signin.default.enterCredentialsWithoutPassword('chaptervagilizei@mail.com');\n_signin.default.pressSignInButton();\n_signin.default.isPasswordBlank();",
              "err": {},
              "uuid": "aef321f4-bc4c-4ad2-8faf-8a7fbb31d94f",
              "parentUUID": "5902f3ed-a444-456a-bae5-528caf6802b2",
              "isHook": false,
              "skipped": false
            },
            {
              "title": "Login with wrong email",
              "fullTitle": "Login Login with wrong email",
              "timedOut": null,
              "duration": 1407,
              "state": "passed",
              "speed": "slow",
              "pass": true,
              "fail": false,
              "pending": false,
              "context": null,
              "code": "_signin.default.enterCredentials('chaptervagilizeiss@mail.com', '123456');\n_signin.default.pressSignInButton();\n_signin.default.areCredentialsWrong();",
              "err": {},
              "uuid": "56ca2cde-9f79-4f4e-bb58-1744a93db6be",
              "parentUUID": "5902f3ed-a444-456a-bae5-528caf6802b2",
              "isHook": false,
              "skipped": false
            },
            {
              "title": "Login with wrong password",
              "fullTitle": "Login Login with wrong password",
              "timedOut": null,
              "duration": 1664,
              "state": "passed",
              "speed": "slow",
              "pass": true,
              "fail": false,
              "pending": false,
              "context": null,
              "code": "_signin.default.enterCredentials('chaptervagilizei@mail.com', '12345678');\n_signin.default.pressSignInButton();\n_signin.default.areCredentialsWrong();",
              "err": {},
              "uuid": "e3cb606e-a871-4797-8fe5-3613d2df8800",
              "parentUUID": "5902f3ed-a444-456a-bae5-528caf6802b2",
              "isHook": false,
              "skipped": false
            }
          ],
          "suites": [],
          "passes": [
            "d6c19b6c-f1c8-428f-a135-117729ddcde5",
            "ae041658-dba2-4f60-8db4-bd4e7142e844",
            "aef321f4-bc4c-4ad2-8faf-8a7fbb31d94f",
            "56ca2cde-9f79-4f4e-bb58-1744a93db6be",
            "e3cb606e-a871-4797-8fe5-3613d2df8800"
          ],
          "failures": [],
          "pending": [],
          "skipped": [],
          "duration": 8638,
          "root": false,
          "rootEmpty": false,
          "_timeout": 2000
        }
      ],
      "passes": [],
      "failures": [],
      "pending": [],
      "skipped": [],
      "duration": 0,
      "root": true,
      "rootEmpty": true,
      "_timeout": 2000
    }
  ],
  "meta": {
    "mocha": {
      "version": "7.0.1"
    },
    "mochawesome": {
      "options": {
        "quiet": true,
        "reportFilename": "mochawesome",
        "saveHtml": false,
        "saveJson": true,
        "consoleReporter": "spec",
        "useInlineDiffs": false,
        "code": true
      },
      "version": "7.1.3"
    },
    "marge": {
      "options": {
        "id": "default",
        "reportDir": "mochawesome-report",
        "quiet": true,
        "overwrite": false,
        "html": false,
        "json": true
      },
      "version": "6.2.0"
    }
  }
}