{
  "stats": {
    "suites": 1,
    "tests": 5,
    "passes": 5,
    "pending": 0,
    "failures": 0,
    "start": "2022-03-30T19:35:02.020Z",
    "end": "2022-03-30T19:35:08.460Z",
    "duration": 6440,
    "testsRegistered": 5,
    "passPercent": 100,
    "pendingPercent": 0,
    "other": 0,
    "hasOther": false,
    "skipped": 0,
    "hasSkipped": false
  },
  "results": [
    {
      "uuid": "a911257a-b777-4e35-9915-f0163d87efc3",
      "title": "",
      "fullFile": "cypress/tests/signin.spec.js",
      "file": "cypress/tests/signin.spec.js",
      "beforeHooks": [],
      "afterHooks": [],
      "tests": [],
      "suites": [
        {
          "uuid": "a30a1d2e-cec2-4ebf-855a-8cba7f6d6793",
          "title": "Login",
          "fullFile": "",
          "file": "",
          "beforeHooks": [],
          "afterHooks": [],
          "tests": [
            {
              "title": "Successful login",
              "fullTitle": "Login Successful login",
              "timedOut": null,
              "duration": 3070,
              "state": "passed",
              "speed": "slow",
              "pass": true,
              "fail": false,
              "pending": false,
              "context": null,
              "code": "_signin.default.enterCredentials('chaptervagilizei@mail.com', '123456');\n_signin.default.pressSignInButton();\n_signin.default.isLoginSuccessful('chaptervagilizei');",
              "err": {},
              "uuid": "54d36ba0-1065-43be-a755-50e451427884",
              "parentUUID": "a30a1d2e-cec2-4ebf-855a-8cba7f6d6793",
              "isHook": false,
              "skipped": false
            },
            {
              "title": "Login without email and without password",
              "fullTitle": "Login Login without email and without password",
              "timedOut": null,
              "duration": 351,
              "state": "passed",
              "speed": "slow",
              "pass": true,
              "fail": false,
              "pending": false,
              "context": null,
              "code": "_signin.default.interceptBlankCredentials();\n_signin.default.pressSignInButton();\n_signin.default.areCredentialsBlank();",
              "err": {},
              "uuid": "0ff2101c-35a4-4f0c-bd54-48e41e723297",
              "parentUUID": "a30a1d2e-cec2-4ebf-855a-8cba7f6d6793",
              "isHook": false,
              "skipped": false
            },
            {
              "title": "Login without password",
              "fullTitle": "Login Login without password",
              "timedOut": null,
              "duration": 780,
              "state": "passed",
              "speed": "slow",
              "pass": true,
              "fail": false,
              "pending": false,
              "context": null,
              "code": "_signin.default.interceptBlankPassword();\n_signin.default.enterCredentialsWithoutPassword('chaptervagilizei@mail.com');\n_signin.default.pressSignInButton();\n_signin.default.isPasswordBlank();",
              "err": {},
              "uuid": "0870818c-cfad-45b3-acee-89559de3067a",
              "parentUUID": "a30a1d2e-cec2-4ebf-855a-8cba7f6d6793",
              "isHook": false,
              "skipped": false
            },
            {
              "title": "Login with wrong email",
              "fullTitle": "Login Login with wrong email",
              "timedOut": null,
              "duration": 1011,
              "state": "passed",
              "speed": "slow",
              "pass": true,
              "fail": false,
              "pending": false,
              "context": null,
              "code": "_signin.default.enterCredentials('chaptervagilizeiss@mail.com', '123456');\n_signin.default.pressSignInButton();\n_signin.default.areCredentialsWrong();",
              "err": {},
              "uuid": "9894ee8f-f347-47ef-91ad-1b8a071e1861",
              "parentUUID": "a30a1d2e-cec2-4ebf-855a-8cba7f6d6793",
              "isHook": false,
              "skipped": false
            },
            {
              "title": "Login with wrong password",
              "fullTitle": "Login Login with wrong password",
              "timedOut": null,
              "duration": 1162,
              "state": "passed",
              "speed": "slow",
              "pass": true,
              "fail": false,
              "pending": false,
              "context": null,
              "code": "_signin.default.enterCredentials('chaptervagilizei@mail.com', '12345678');\n_signin.default.pressSignInButton();\n_signin.default.areCredentialsWrong();",
              "err": {},
              "uuid": "05fd46b4-74bd-42dd-9475-31bb3bb37a69",
              "parentUUID": "a30a1d2e-cec2-4ebf-855a-8cba7f6d6793",
              "isHook": false,
              "skipped": false
            }
          ],
          "suites": [],
          "passes": [
            "54d36ba0-1065-43be-a755-50e451427884",
            "0ff2101c-35a4-4f0c-bd54-48e41e723297",
            "0870818c-cfad-45b3-acee-89559de3067a",
            "9894ee8f-f347-47ef-91ad-1b8a071e1861",
            "05fd46b4-74bd-42dd-9475-31bb3bb37a69"
          ],
          "failures": [],
          "pending": [],
          "skipped": [],
          "duration": 6374,
          "root": false,
          "rootEmpty": false,
          "_timeout": 2000
        }
      ],
      "passes": [],
      "failures": [],
      "pending": [],
      "skipped": [],
      "duration": 0,
      "root": true,
      "rootEmpty": true,
      "_timeout": 2000
    }
  ],
  "meta": {
    "mocha": {
      "version": "7.0.1"
    },
    "mochawesome": {
      "options": {
        "quiet": true,
        "reportFilename": "mochawesome",
        "saveHtml": false,
        "saveJson": true,
        "consoleReporter": "spec",
        "useInlineDiffs": false,
        "code": true
      },
      "version": "7.1.3"
    },
    "marge": {
      "options": {
        "id": "default",
        "reportDir": "mochawesome-report",
        "quiet": true,
        "overwrite": false,
        "html": false,
        "json": true
      },
      "version": "6.2.0"
    }
  }
}